<?xml version="1.0" encoding="UTF-8"?>
<testsuite name="com.example.project.TestTime" tests="14" skipped="0" failures="0" errors="0" timestamp="2024-10-23T17:55:09" hostname="codespaces-0a6581" time="0.123">
  <properties/>
  <testcase name="testRow10()" classname="com.example.project.TestTime" time="0.059"/>
  <testcase name="testRow11()" classname="com.example.project.TestTime" time="0.001"/>
  <testcase name="testRow12()" classname="com.example.project.TestTime" time="0.001"/>
  <testcase name="testRow13()" classname="com.example.project.TestTime" time="0.006"/>
  <testcase name="testRow14()" classname="com.example.project.TestTime" time="0.001"/>
  <testcase name="testRow1()" classname="com.example.project.TestTime" time="0.003"/>
  <testcase name="testRow2()" classname="com.example.project.TestTime" time="0.001"/>
  <testcase name="testRow3()" classname="com.example.project.TestTime" time="0.0"/>
  <testcase name="testRow4()" classname="com.example.project.TestTime" time="0.001"/>
  <testcase name="testRow5()" classname="com.example.project.TestTime" time="0.009"/>
  <testcase name="testRow6()" classname="com.example.project.TestTime" time="0.001"/>
  <testcase name="testRow7()" classname="com.example.project.TestTime" time="0.007"/>
  <testcase name="testRow8()" classname="com.example.project.TestTime" time="0.001"/>
  <testcase name="testRow9()" classname="com.example.project.TestTime" time="0.001"/>
  <system-out><![CDATA[]]></system-out>
  <system-err><![CDATA[]]></system-err>
</testsuite>
